<?xml version="1.0" encoding="UTF-8"?>
<!-- Generated by org.testng.reporters.JUnitReportReporter -->
<testsuite hostname="DESKTOP-6CO0R1H" failures="0" tests="2" name="modProblem1.FlipkartMainclass" time="53.082" errors="0" timestamp="2022-11-02T16:01:20 IST" skipped="0">
  <testcase classname="modProblem1.FlipkartMainclass" name="perform_action" time="8.078"/>
  <system-out/>
  <testcase classname="modProblem1.FlipkartMainclass" name="getDetailsExcel" time="45.004"/>
  <system-out/>
</testsuite> <!-- modProblem1.FlipkartMainclass -->
